[INFO ] 2025-12-25 16:54:55.103 [main] MyStoreV1 - Url opened
[INFO ] 2025-12-25 16:54:56.322 [main] MyStoreV1 - Clicked on sign in link
[INFO ] 2025-12-25 16:54:56.738 [main] MyStoreV1 - Email entered...........
[INFO ] 2025-12-25 16:54:56.950 [main] MyStoreV1 - Password entered.........
[INFO ] 2025-12-25 16:54:58.116 [main] MyStoreV1 - Submit successfully
[INFO ] 2025-12-25 16:54:58.181 [main] MyStoreV1 - Verify login - Passed
[INFO ] 2025-12-25 16:56:07.398 [main] MyStoreV1 - Url opened
[INFO ] 2025-12-25 16:56:08.691 [main] MyStoreV1 - Clicked on sign in link
[INFO ] 2025-12-25 16:56:08.944 [main] MyStoreV1 - Email entered...........
[INFO ] 2025-12-25 16:56:09.100 [main] MyStoreV1 - Password entered.........
[INFO ] 2025-12-25 16:56:10.330 [main] MyStoreV1 - Submit successfully
[INFO ] 2025-12-25 16:56:10.419 [main] MyStoreV1 - Verify login - Failed
[INFO ] 2025-12-25 16:57:01.210 [main] MyStoreV1 - Url opened
[INFO ] 2025-12-25 16:57:02.540 [main] MyStoreV1 - Clicked on sign in link
[INFO ] 2025-12-25 16:57:02.873 [main] MyStoreV1 - Email entered...........
[INFO ] 2025-12-25 16:57:03.055 [main] MyStoreV1 - Password entered.........
[INFO ] 2025-12-25 16:57:04.368 [main] MyStoreV1 - Submit successfully
[INFO ] 2025-12-25 16:57:04.436 [main] MyStoreV1 - Verify login - Failed
[INFO ] 2025-12-25 17:07:18.463 [main] MyStoreV1 - Url opened
[INFO ] 2025-12-25 17:07:20.105 [main] MyStoreV1 - Clicked on sign in link
[INFO ] 2025-12-25 17:07:20.500 [main] MyStoreV1 - Email entered...........
[INFO ] 2025-12-25 17:07:20.675 [main] MyStoreV1 - Password entered.........
[INFO ] 2025-12-25 17:07:23.074 [main] MyStoreV1 - Submit successfully
[INFO ] 2025-12-25 17:07:23.150 [main] MyStoreV1 - Verify login - Failed
[INFO ] 2025-12-25 17:09:37.663 [main] MyStoreV1 - Url opened
[INFO ] 2025-12-25 17:09:38.955 [main] MyStoreV1 - Clicked on sign in link
[INFO ] 2025-12-25 17:09:39.264 [main] MyStoreV1 - Email entered...........
[INFO ] 2025-12-25 17:09:39.432 [main] MyStoreV1 - Password entered.........
[INFO ] 2025-12-25 17:09:40.736 [main] MyStoreV1 - Submit successfully
[INFO ] 2025-12-25 17:09:40.854 [main] MyStoreV1 - Verify login - Failed
[INFO ] 2025-12-25 17:10:53.851 [main] MyStoreV1 - Url opened
[INFO ] 2025-12-25 17:10:55.305 [main] MyStoreV1 - Clicked on sign in link
[INFO ] 2025-12-25 17:10:55.573 [main] MyStoreV1 - Email entered...........
[INFO ] 2025-12-25 17:10:55.740 [main] MyStoreV1 - Password entered.........
[INFO ] 2025-12-25 17:10:57.019 [main] MyStoreV1 - Submit successfully
[INFO ] 2025-12-25 17:10:57.124 [main] MyStoreV1 - Verify login - Failed
[INFO ] 2025-12-25 17:14:50.636 [main] MyStoreV1 - Url opened
[INFO ] 2025-12-25 17:14:51.979 [main] MyStoreV1 - Clicked on sign in link
[INFO ] 2025-12-25 17:14:52.277 [main] MyStoreV1 - Email entered...........
[INFO ] 2025-12-25 17:14:52.467 [main] MyStoreV1 - Password entered.........
[INFO ] 2025-12-25 17:14:53.638 [main] MyStoreV1 - Submit successfully
[INFO ] 2025-12-25 17:14:53.724 [main] MyStoreV1 - Verify login - Failed
[INFO ] 2025-12-25 17:17:24.985 [main] MyStoreV1 - Url opened
[INFO ] 2025-12-25 17:17:26.246 [main] MyStoreV1 - Clicked on sign in link
[INFO ] 2025-12-25 17:17:26.504 [main] MyStoreV1 - Email entered...........
[INFO ] 2025-12-25 17:17:26.675 [main] MyStoreV1 - Password entered.........
[INFO ] 2025-12-25 17:17:27.980 [main] MyStoreV1 - Submit successfully
[INFO ] 2025-12-25 17:17:28.053 [main] MyStoreV1 - Verify login - Failed
[INFO ] 2025-12-25 17:20:24.845 [main] MyStoreV1 - Url opened
[INFO ] 2025-12-25 17:20:26.113 [main] MyStoreV1 - Clicked on sign in link
[INFO ] 2025-12-25 17:20:26.381 [main] MyStoreV1 - Email entered...........
[INFO ] 2025-12-25 17:20:26.575 [main] MyStoreV1 - Password entered.........
[INFO ] 2025-12-25 17:20:27.661 [main] MyStoreV1 - Submit successfully
[INFO ] 2025-12-25 17:20:27.738 [main] MyStoreV1 - Verify login - Failed
[INFO ] 2025-12-25 17:25:47.378 [main] MyStoreV1 - Url opened
[INFO ] 2025-12-25 17:25:48.971 [main] MyStoreV1 - Clicked on sign in link
[INFO ] 2025-12-25 17:25:49.235 [main] MyStoreV1 - Email entered...........
[INFO ] 2025-12-25 17:25:49.398 [main] MyStoreV1 - Password entered.........
[INFO ] 2025-12-25 17:25:50.819 [main] MyStoreV1 - Submit successfully
[INFO ] 2025-12-25 17:25:50.890 [main] MyStoreV1 - Verify login - Failed
[INFO ] 2025-12-25 17:30:36.915 [main] MyStoreV1 - Url opened
[INFO ] 2025-12-25 17:30:38.181 [main] MyStoreV1 - Clicked on sign in link
[INFO ] 2025-12-25 17:30:38.458 [main] MyStoreV1 - Email entered...........
[INFO ] 2025-12-25 17:30:38.615 [main] MyStoreV1 - Password entered.........
[INFO ] 2025-12-25 17:30:39.886 [main] MyStoreV1 - Submit successfully
[INFO ] 2025-12-25 17:30:39.955 [main] MyStoreV1 - Verify login - Failed
[INFO ] 2025-12-25 17:33:14.092 [main] MyStoreV1 - Url opened
[INFO ] 2025-12-25 17:33:15.364 [main] MyStoreV1 - Clicked on sign in link
[INFO ] 2025-12-25 17:33:15.736 [main] MyStoreV1 - Email entered...........
[INFO ] 2025-12-25 17:33:15.915 [main] MyStoreV1 - Password entered.........
[INFO ] 2025-12-25 17:33:17.029 [main] MyStoreV1 - Submit successfully
[INFO ] 2025-12-25 17:33:17.126 [main] MyStoreV1 - Verify login - Failed
[INFO ] 2025-12-25 17:36:48.013 [main] MyStoreV1 - Url opened
[INFO ] 2025-12-25 17:36:49.285 [main] MyStoreV1 - Clicked on sign in link
[INFO ] 2025-12-25 17:36:49.658 [main] MyStoreV1 - Email entered...........
[INFO ] 2025-12-25 17:36:49.847 [main] MyStoreV1 - Password entered.........
[INFO ] 2025-12-25 17:36:50.976 [main] MyStoreV1 - Submit successfully
[INFO ] 2025-12-25 17:36:51.054 [main] MyStoreV1 - Verify login - Failed
[INFO ] 2025-12-25 17:38:11.597 [main] MyStoreV1 - Url opened
[INFO ] 2025-12-25 17:38:12.773 [main] MyStoreV1 - Clicked on sign in link
[INFO ] 2025-12-25 17:38:13.049 [main] MyStoreV1 - Email entered...........
[INFO ] 2025-12-25 17:38:13.214 [main] MyStoreV1 - Password entered.........
[INFO ] 2025-12-25 17:38:14.444 [main] MyStoreV1 - Submit successfully
[INFO ] 2025-12-25 17:38:14.522 [main] MyStoreV1 - Verify login - Failed
[INFO ] 2025-12-25 17:47:57.244 [main] MyStoreV1 - Url opened
[INFO ] 2025-12-25 17:47:58.474 [main] MyStoreV1 - Clicked on sign in link
[INFO ] 2025-12-25 17:47:58.724 [main] MyStoreV1 - Email entered...........
[INFO ] 2025-12-25 17:47:58.855 [main] MyStoreV1 - Password entered.........
[INFO ] 2025-12-25 17:47:58.982 [main] MyStoreV1 - Submit successfully
[INFO ] 2025-12-25 17:48:00.093 [main] MyStoreV1 - Verify login - Failed
[INFO ] 2025-12-25 17:49:33.692 [main] MyStoreV1 - Url opened
[INFO ] 2025-12-25 17:49:35.108 [main] MyStoreV1 - Clicked on sign in link
[INFO ] 2025-12-25 17:49:35.190 [main] MyStoreV1 - Email entered...........
[INFO ] 2025-12-25 17:49:35.231 [main] MyStoreV1 - Password entered.........
[INFO ] 2025-12-25 17:49:36.386 [main] MyStoreV1 - Submit successfully
[INFO ] 2025-12-25 17:49:36.411 [main] MyStoreV1 - Verify login - Failed
[INFO ] 2025-12-25 17:51:56.965 [main] MyStoreV1 - Url opened
[INFO ] 2025-12-25 17:51:58.125 [main] MyStoreV1 - Clicked on sign in link
[INFO ] 2025-12-25 17:51:58.201 [main] MyStoreV1 - Email entered...........
[INFO ] 2025-12-25 17:51:58.257 [main] MyStoreV1 - Password entered.........
[INFO ] 2025-12-25 17:51:59.399 [main] MyStoreV1 - Submit successfully
[INFO ] 2025-12-25 17:51:59.431 [main] MyStoreV1 - Verify login - Failed
[INFO ] 2025-12-26 12:20:47.825 [main] MyStoreV1 - Url opened
[INFO ] 2025-12-26 12:20:49.270 [main] MyStoreV1 - Clicked on sign in link
[INFO ] 2025-12-26 12:20:49.352 [main] MyStoreV1 - Email entered...........
[INFO ] 2025-12-26 12:20:49.401 [main] MyStoreV1 - Password entered.........
[INFO ] 2025-12-26 12:20:50.854 [main] MyStoreV1 - Submit successfully
[INFO ] 2025-12-26 12:20:50.893 [main] MyStoreV1 - Verify login - Failed
[INFO ] 2025-12-27 11:39:51.074 [main] MyStoreV1 - Url opened
[INFO ] 2025-12-27 11:39:52.546 [main] MyStoreV1 - Clicked on sign in link
[INFO ] 2025-12-27 11:39:52.636 [main] MyStoreV1 - Email entered...........
[INFO ] 2025-12-27 11:39:52.697 [main] MyStoreV1 - Password entered.........
[INFO ] 2025-12-27 11:39:53.915 [main] MyStoreV1 - Submit successfully
[INFO ] 2025-12-27 11:39:53.985 [main] MyStoreV1 - Verify login - Passed
[INFO ] 2025-12-27 14:42:53.960 [main] MyStoreV1 - Url opened
[INFO ] 2025-12-27 14:42:55.143 [main] MyStoreV1 - Clicked on sign in link
[INFO ] 2025-12-27 14:42:55.195 [main] MyStoreV1 - Email entered...........
[INFO ] 2025-12-27 14:42:55.234 [main] MyStoreV1 - Password entered.........
[INFO ] 2025-12-27 14:42:56.250 [main] MyStoreV1 - Submit successfully
[INFO ] 2025-12-27 14:42:56.278 [main] MyStoreV1 - Verify login - Passed
